<?xml version="1.0" encoding="UTF-8"?><testrun duration="2089" footerText="Generated by IntelliJ IDEA on 21.05.2020, 17:04" name="WeatherApiTest">
    <count name="total" value="4"/>
    <count name="passed" value="4"/>
    <config nameIsGenerated="true" configId="JUnit" name="WeatherApiTest">
        <module name="test-automation"/>
        <extension name="coverage">
            <pattern>
                <option name="PATTERN" value="sample.*"/>
                <option name="ENABLED" value="true"/>
            </pattern>
        </extension>
        <option name="PACKAGE_NAME" value="sample"/>
        <option name="MAIN_CLASS_NAME" value="sample.WeatherApiTest"/>
        <option name="TEST_OBJECT" value="class"/>
    </config>
    <suite duration="2089" locationUrl="java:suite://sample.WeatherApiTest" name="WeatherApiTest" status="passed">
        <test duration="1091" locationUrl="java:test://sample.WeatherApiTest/request_checkTemp" name="╯°□°）╯ Тест на проверку того, что текущая температура меньше 300 градусов Кельвина" metainfo="" status="passed">
            <output type="stdout"/>
        </test>
        <test duration="266" locationUrl="java:test://sample.WeatherApiTest/request_checkCel" name="Тест для проверки на Цельсии" metainfo="" status="passed">
            <output type="stdout"/>
        </test>
        <test duration="194" locationUrl="java:test://sample.WeatherApiTest/request_checkLonLat" name="Тест для проверки корректности отдаваемых параметров, при передаче широты и долготы" metainfo="" status="passed">
            <output type="stdout"/>
        </test>
        <test duration="538" locationUrl="java:test://sample.WeatherApiTest/request_checkTempAfter16h" name="Тест для проверки, что температура через 16 часов будет больше 100 градусов Кельвина" metainfo="" status="passed">
            <output type="stdout"/>
        </test>
    </suite>
</testrun>
